<?xml version="1.0" encoding="UTF-8"?>
<!-- Generated by org.testng.reporters.JUnitReportReporter -->
<testsuite hostname="ed7a19b384175b3" failures="0" tests="2" name="com.amazon.testscript.IndexPageTest" time="69.254" errors="0" timestamp="2023-12-02T18:50:02 IST" skipped="0">
  <testcase classname="com.amazon.testscript.IndexPageTest" name="verifyLogo" time="19.866"/>
  <testcase classname="com.amazon.testscript.IndexPageTest" name="verifyTitle" time="49.388"/>
</testsuite> <!-- com.amazon.testscript.IndexPageTest -->
