<?xml version="1.0" encoding="UTF-8"?>
<!-- Generated by org.testng.reporters.JUnitReportReporter -->
<testsuite hostname="ed7a19b384175b3" failures="0" tests="1" name="com.amazon.testscript.SearchPageTest" time="25.675" errors="0" timestamp="2023-12-02T14:30:30 IST" skipped="0">
  <testcase classname="com.amazon.testscript.SearchPageTest" name="searchPageTest" time="25.675"/>
</testsuite> <!-- com.amazon.testscript.SearchPageTest -->
