<?xml version="1.0" encoding="UTF-8"?>
<!-- Generated by org.testng.reporters.JUnitReportReporter -->
<testsuite hostname="ed7a19b384175b3" failures="0" tests="1" name="com.amazon.testscript.LoginPageTest" time="18.694" errors="0" timestamp="2023-12-01T21:16:44 IST" skipped="0">
  <testcase classname="com.amazon.testscript.LoginPageTest" name="loginTest" time="18.694"/>
</testsuite> <!-- com.amazon.testscript.LoginPageTest -->
