<?xml version="1.0" encoding="UTF-8"?>
<!-- Generated by org.testng.reporters.JUnitReportReporter -->
<testsuite hostname="ed7a19b384175b3" failures="0" tests="1" name="com.amazon.testscript.CheckoutPageTest" time="36.475" errors="0" timestamp="2023-12-02T15:18:44 IST" skipped="0">
  <testcase classname="com.amazon.testscript.CheckoutPageTest" name="checkoutPageTest" time="36.475"/>
</testsuite> <!-- com.amazon.testscript.CheckoutPageTest -->
