<?xml version="1.0" encoding="UTF-8"?>
<!-- Generated by org.testng.reporters.JUnitReportReporter -->
<testsuite hostname="ed7a19b384175b3" failures="0" tests="1" name="com.amazon.testscript.LoginPagePasswordTest" time="151.539" errors="0" timestamp="2023-12-02T18:40:29 IST" skipped="0">
  <testcase classname="com.amazon.testscript.LoginPagePasswordTest" name="loginPagePasswordTest" time="151.539"/>
</testsuite> <!-- com.amazon.testscript.LoginPagePasswordTest -->
